12/Dec/23 12:56:56:14 PM: INFO: Single_Search_test: URL launched successfully.--
12/Dec/23 12:56:56:14 PM: INFO: Single_Search_test: username entered-
12/Dec/23 12:56:56:14 PM: INFO: Single_Search_test: Password entered--
12/Dec/23 12:56:56:16 PM: INFO: Single_Search_test: Login button clicked.--
12/Dec/23 12:56:56:28 PM: INFO: Single_Search_test: Took authentication code from user.--
12/Dec/23 12:56:56:36 PM: INFO: Single_Search_test: clicked to search engagement detailed option.--
12/Dec/23 12:56:56:41 PM: INFO: Single_Search_test: Entered the engagement ID.--
12/Dec/23 12:56:56:41 PM: INFO: Single_Search_test: clicked to search engagement detailed button.--
01/Jan/24 01:17:17:35 PM: INFO: Single_Search_test: URL launched successfully.--
01/Jan/24 01:17:17:35 PM: INFO: Single_Search_test: username entered-
01/Jan/24 01:17:17:35 PM: INFO: Single_Search_test: Password entered--
01/Jan/24 01:17:17:37 PM: INFO: Single_Search_test: Login button clicked.--
01/Jan/24 01:17:17:46 PM: INFO: Single_Search_test: Took authentication code from user.--
01/Jan/24 01:18:18:02 PM: INFO: Single_Search_test: clicked to search engagement detailed option.--
01/Jan/24 01:19:19:09 PM: INFO: ****Login: URL launched successfully.--
01/Jan/24 01:19:19:09 PM: INFO: ****Login: username entered-
01/Jan/24 01:19:19:09 PM: INFO: ****Login: Password entered--
01/Jan/24 01:19:19:11 PM: INFO: ****Login: Login button clicked.--
01/Jan/24 01:19:19:18 PM: INFO: ****Login:: Took authentication code from user.--
01/Jan/24 01:20:20:06 PM: INFO: ****Login: URL launched successfully.--
01/Jan/24 01:20:20:06 PM: INFO: ****Login: username entered-
01/Jan/24 01:20:20:06 PM: INFO: ****Login: Password entered--
01/Jan/24 01:20:20:08 PM: INFO: ****Login: Login button clicked.--
01/Jan/24 01:20:20:19 PM: INFO: ****Login:: Took authentication code from user.--
01/Jan/24 01:21:21:39 PM: INFO: ****Login: URL launched successfully.--
01/Jan/24 01:21:21:40 PM: INFO: ****Login: username entered-
01/Jan/24 01:21:21:40 PM: INFO: ****Login: Password entered--
01/Jan/24 01:21:21:42 PM: INFO: ****Login: Login button clicked.--
01/Jan/24 01:21:21:49 PM: INFO: ****Login:: Took authentication code from user.--
01/Jan/24 01:22:22:46 PM: INFO: ****Login: URL launched successfully.--
01/Jan/24 01:22:22:46 PM: INFO: ****Login: username entered-
01/Jan/24 01:22:22:46 PM: INFO: ****Login: Password entered--
01/Jan/24 01:22:22:48 PM: INFO: ****Login: Login button clicked.--
01/Jan/24 01:22:22:58 PM: INFO: ****Login:: Took authentication code from user.--
